mode: set
webapp/cmd/web/routes.go:10.47,22.40 7 1
webapp/cmd/web/routes.go:28.2,31.12 3 1
webapp/cmd/web/routes.go:22.40,25.3 2 1
webapp/cmd/web/sessions.go:10.39,18.2 6 1
webapp/cmd/web/db.go:12.42,14.16 2 0
webapp/cmd/web/db.go:18.2,19.16 2 0
webapp/cmd/web/db.go:23.2,23.16 1 0
webapp/cmd/web/db.go:14.16,16.3 1 0
webapp/cmd/web/db.go:19.16,21.3 1 0
webapp/cmd/web/db.go:26.56,28.16 2 0
webapp/cmd/web/db.go:32.2,34.24 2 0
webapp/cmd/web/db.go:28.16,30.3 1 0
webapp/cmd/web/forms.go:10.42,12.26 2 1
webapp/cmd/web/forms.go:15.2,15.22 1 1
webapp/cmd/web/forms.go:12.26,14.3 1 1
webapp/cmd/web/forms.go:18.44,20.2 1 1
webapp/cmd/web/forms.go:27.37,32.2 1 1
webapp/cmd/web/forms.go:34.39,37.2 2 1
webapp/cmd/web/forms.go:39.43,40.31 1 1
webapp/cmd/web/forms.go:40.31,41.20 1 1
webapp/cmd/web/forms.go:41.20,43.4 1 1
webapp/cmd/web/forms.go:47.54,48.9 1 1
webapp/cmd/web/forms.go:48.9,50.3 1 1
webapp/cmd/web/forms.go:53.29,55.2 1 1
webapp/cmd/web/handlers.go:14.70,17.45 2 1
webapp/cmd/web/handlers.go:24.2,24.67 1 1
webapp/cmd/web/handlers.go:17.45,20.3 2 1
webapp/cmd/web/handlers.go:20.8,22.3 1 1
webapp/cmd/web/handlers.go:27.73,30.2 2 0
webapp/cmd/web/handlers.go:40.106,42.16 2 1
webapp/cmd/web/handlers.go:46.2,52.16 5 1
webapp/cmd/web/handlers.go:55.2,55.12 1 1
webapp/cmd/web/handlers.go:42.16,45.3 2 1
webapp/cmd/web/handlers.go:52.16,54.3 1 0
webapp/cmd/web/handlers.go:58.71,60.16 2 1
webapp/cmd/web/handlers.go:67.2,70.19 3 1
webapp/cmd/web/handlers.go:76.2,80.16 4 1
webapp/cmd/web/handlers.go:86.2,86.43 1 1
webapp/cmd/web/handlers.go:94.2,100.59 3 1
webapp/cmd/web/handlers.go:60.16,64.3 3 0
webapp/cmd/web/handlers.go:70.19,74.3 3 1
webapp/cmd/web/handlers.go:80.16,84.3 3 1
webapp/cmd/web/handlers.go:86.43,90.3 3 1
webapp/cmd/web/handlers.go:103.95,104.72 1 1
webapp/cmd/web/handlers.go:108.2,109.13 2 1
webapp/cmd/web/handlers.go:104.72,106.3 1 1
webapp/cmd/web/main.go:21.13,30.16 6 0
webapp/cmd/web/main.go:33.2,44.16 6 0
webapp/cmd/web/main.go:30.16,32.3 1 0
webapp/cmd/web/main.go:44.16,46.3 1 0
webapp/cmd/web/middleware.go:14.67,17.2 2 1
webapp/cmd/web/middleware.go:19.72,20.71 1 1
webapp/cmd/web/middleware.go:20.71,23.17 3 1
webapp/cmd/web/middleware.go:29.3,30.40 2 1
webapp/cmd/web/middleware.go:23.17,25.20 2 1
webapp/cmd/web/middleware.go:25.20,27.5 1 1
webapp/cmd/web/middleware.go:34.45,36.16 2 1
webapp/cmd/web/middleware.go:40.2,41.19 2 1
webapp/cmd/web/middleware.go:45.2,46.22 2 1
webapp/cmd/web/middleware.go:50.2,50.18 1 1
webapp/cmd/web/middleware.go:54.2,54.16 1 1
webapp/cmd/web/middleware.go:36.16,38.3 1 1
webapp/cmd/web/middleware.go:41.19,43.3 1 1
webapp/cmd/web/middleware.go:46.22,48.3 1 1
webapp/cmd/web/middleware.go:50.18,52.3 1 0
webapp/cmd/web/middleware.go:57.62,58.71 1 1
webapp/cmd/web/middleware.go:58.71,59.47 1 1
webapp/cmd/web/middleware.go:64.3,64.23 1 1
webapp/cmd/web/middleware.go:59.47,63.4 3 1
